<?xml version="1.0" encoding="UTF-8"?>
<testsuite name="com.hermes.trictrac.android.offline.TestUndo" tests="2" skipped="0" failures="0" errors="0" timestamp="2026-04-29T06:16:50" hostname="pandora.local" time="0.003">
  <properties/>
  <testcase name="testUndoTurns" classname="com.hermes.trictrac.android.offline.TestUndo" time="0.002"/>
  <testcase name="testUndoMove" classname="com.hermes.trictrac.android.offline.TestUndo" time="0.001"/>
  <system-out><![CDATA[]]></system-out>
  <system-err><![CDATA[]]></system-err>
</testsuite>
