<?xml version="1.0" encoding="UTF-8"?>
<testsuite name="com.hermes.trictrac.android.offline.TestGame" tests="4" skipped="0" failures="0" errors="0" timestamp="2026-04-29T06:16:48" hostname="pandora.local" time="1.262">
  <properties/>
  <testcase name="testOneRound" classname="com.hermes.trictrac.android.offline.TestGame" time="0.191"/>
  <testcase name="testGameLotsOfRounds" classname="com.hermes.trictrac.android.offline.TestGame" time="1.045"/>
  <testcase name="testGameFewRounds" classname="com.hermes.trictrac.android.offline.TestGame" time="0.02"/>
  <testcase name="testGameStart" classname="com.hermes.trictrac.android.offline.TestGame" time="0.004"/>
  <system-out><![CDATA[-------------------------------------------------------
| 2 |   |   |   | 1 |   ||   || 1 |   |   |   |   | 2 |
| 2 |   |   |   | 1 |   ||   || 1 |   |   |   |   | 2 |
|(3)|   |   |   | 1 |   ||   ||(3)|   |   |   |   |   |
                         |   |                         
[6, 3]                   |(0)|                         
                         |(0)|                         
                         |   |                         
|(3)|   |   |   | 2 |   ||   ||(3)|   |   |   |   |   |
| 1 |   |   |   | 2 |   ||   || 2 |   |   |   |   | 1 |
| 1 |   |   |   | 2 |   ||   || 2 |   |   |   |   | 1 |
-------------------------------------------------------

-------------------------------------------------------
| 2 |   |   |   | 1 |   ||   || 1 |   |   | 1 | 1 | 2 |
| 2 |   |   |   | 1 |   ||   || 1 |   |   |   |   | 2 |
|(3)|   |   |   |   |   ||   ||(2)|   |   |   |   |   |
                         |   |                         
                         |(0)|                   [2, 1]
                         |(0)|                         
                         |   |                         
|(3)|   |   |   | 2 |   ||   ||(3)|   |   |   |   |   |
| 1 |   |   |   | 2 |   ||   || 2 |   |   |   |   | 1 |
| 1 |   |   |   | 2 |   ||   || 2 |   |   |   |   | 1 |
-------------------------------------------------------

-------------------------------------------------------
| 2 |   |   |   | 1 |   ||   || 1 |   |   | 2 | 2 |   |
| 2 |   |   |   | 1 |   ||   || 1 |   |   |   |   |   |
|(3)|   |   |   |   |   ||   ||(2)|   |   |   |   |   |
                         |   |                         
[3, 2]                   |(0)|                         
                         |(2)|                         
                         |   |                         
|(3)|   |   |   | 2 |   ||   ||(3)|   |   |   |   |   |
| 1 |   |   |   | 2 |   ||   || 2 |   |   |   |   | 1 |
| 1 |   |   |   | 2 |   ||   || 2 |   |   |   |   | 1 |
-------------------------------------------------------

-------------------------------------------------------
| 2 |   |   |   | 1 |   ||   || 1 |   |   | 2 | 2 |   |
| 2 |   |   |   | 1 |   ||   || 1 |   |   |   |   |   |
|(3)|   |   |   |   |   ||   ||(2)|   |   |   |   |   |
                         |   |                         
                         |(0)|                   [4, 2]
                         |(0)|                         
                         |   |                         
|(3)|   |   |   | 2 |   ||   ||(3)|   |   |   |   |   |
| 1 |   |   |   | 2 |   ||   || 2 |   |   |   |   | 1 |
| 1 |   |   |   | 2 |   ||   || 2 |   |   | 1 | 1 | 1 |
-------------------------------------------------------

-------------------------------------------------------
| 2 |   |   |   | 1 | 2 ||   || 1 |   | 2 |   |   |   |
| 2 |   |   |   | 1 |   ||   || 1 |   |   |   |   |   |
|(3)|   |   |   |   |   ||   ||(2)|   |   |   |   |   |
                         |   |                         
[5, 2]                   |(0)|                         
                         |(0)|                         
                         |   |                         
|(3)|   |   |   | 2 |   ||   ||(3)|   |   |   |   |   |
| 1 |   |   |   | 2 |   ||   || 2 |   |   |   |   | 1 |
| 1 |   |   |   | 2 |   ||   || 2 |   |   | 1 | 1 | 1 |
-------------------------------------------------------

-------------------------------------------------------
| 2 |   |   |   | 1 | 2 ||   || 1 |   | 1 |   |   | 1 |
| 2 |   |   |   | 1 |   ||   || 1 |   |   |   |   |   |
|(3)|   |   |   |   |   ||   ||   |   |   |   |   |   |
                         |   |                         
                         |(1)|                   [6, 2]
                         |(0)|                         
                         |   |                         
|(3)|   |   |   | 2 |   ||   ||(3)|   |   |   |   |   |
| 1 |   |   |   | 2 |   ||   || 2 |   |   |   |   | 1 |
| 1 |   |   |   | 2 |   ||   || 2 |   |   | 1 | 1 | 1 |
-------------------------------------------------------

-------------------------------------------------------
| 2 |   |   |   | 1 | 2 ||   || 1 |   | 1 |   | 2 | 1 |
| 2 |   |   |   | 1 |   ||   || 1 |   |   |   |   |   |
|(2)|   |   |   |   |   ||   ||   |   |   |   |   |   |
                         |   |                         
[5, 3]                   |(0)|                         
                         |(0)|                         
                         |   |                         
|(3)|   |   |   | 2 |   ||   ||(3)|   |   |   |   |   |
| 1 |   |   |   | 2 |   ||   || 2 |   |   |   |   | 1 |
| 1 |   |   |   | 2 | 2 ||   || 2 |   |   | 1 | 1 | 1 |
-------------------------------------------------------

-------------------------------------------------------
| 2 |   |   |   | 1 | 2 ||   || 1 |   |   |   | 2 | 1 |
| 2 |   |   |   | 1 |   ||   ||   |   |   |   |   | 1 |
|(2)|   |   |   |   |   ||   ||   |   |   |   |   | 1 |
                         |   |                         
                         |(0)|                   [5, 1]
                         |(0)|                         
                         |   |                         
|(3)|   |   |   | 2 |   ||   ||(3)|   |   |   |   |   |
| 1 |   |   |   | 2 |   ||   || 2 |   |   |   |   | 1 |
| 1 |   |   |   | 2 | 2 ||   || 2 |   |   | 1 | 1 | 1 |
-------------------------------------------------------

-------------------------------------------------------
| 2 |   |   |   | 1 | 2 ||   || 1 |   |   |   |   | 1 |
| 2 |   |   |   | 1 | 2 ||   ||   |   |   |   |   | 1 |
|(2)|   |   |   |   |   ||   ||   |   |   |   |   | 1 |
                         |   |                         
[5, 2]                   |(0)|                         
                         |(0)|                         
                         |   |                         
|(3)|   |   |   |   |   ||   ||(3)|   |   |   |   |   |
| 1 |   |   |   | 2 | 2 ||   || 2 |   |   |   |   | 1 |
| 1 |   |   |   | 2 | 2 ||   || 2 |   |   | 1 | 1 | 1 |
-------------------------------------------------------

-------------------------------------------------------
| 2 |   |   |   | 1 | 2 ||   || 1 |   |   |   |   | 1 |
| 2 |   |   |   |   | 2 ||   ||   |   |   |   |   | 1 |
|(2)|   |   |   |   |   ||   ||   |   |   |   |   |(2)|
                         |   |                         
                         |(0)|             [4, 4, 4, 4]
                         |(0)|                         
                         |   |                         
|(3)|   |   |   |   |   ||   ||(3)|   |   |   |   |   |
| 1 |   |   |   | 2 | 2 ||   || 2 |   |   |   |   | 1 |
| 1 |   |   |   | 2 | 2 ||   || 2 |   |   | 1 | 1 | 1 |
-------------------------------------------------------

-------------------------------------------------------
| 2 |   |   |   | 1 |   ||   || 1 |   |   |   |   | 1 |
| 2 |   |   |   |   |   ||   ||   |   |   |   |   | 1 |
|(2)|   |   |   |   |   ||   ||   |   |   |   |   |(2)|
                         |   |                         
[6, 1]                   |(0)|                         
                         |(0)|                         
                         |   |                         
|(3)|   |   |   |   |   ||   ||(3)|   |   |   |   |   |
| 1 |   | 2 |   | 2 | 2 ||   || 2 |   |   |   |   | 1 |
| 1 |   | 2 |   | 2 | 2 ||   || 2 |   |   | 1 | 1 | 1 |
-------------------------------------------------------

-------------------------------------------------------
| 2 |   |   |   |   |   ||   || 1 |   |   |   |   | 1 |
| 2 |   |   |   |   |   ||   ||   |   |   |   |   | 1 |
|(2)|   |   |   |   |   ||   ||   |   |   |   |   |(3)|
                         |   |                         
                         |(0)|                   [3, 2]
                         |(0)|                         
                         |   |                         
|(3)|   |   |   |   |   ||   ||(3)|   |   |   |   |   |
| 1 |   | 2 |   | 2 | 2 ||   || 2 |   |   |   |   | 1 |
| 1 |   | 2 |   | 2 | 2 ||   || 2 |   |   | 1 | 1 | 1 |
-------------------------------------------------------

-------------------------------------------------------
| 2 |   |   |   |   |   ||   || 1 |   |   |   |   | 1 |
| 2 |   |   |   |   |   ||   ||   |   |   |   |   | 1 |
|   |   |   |   |   |   ||   ||   |   |   |   |   |(3)|
                         |   |                         
[6, 5]                   |(0)|                         
                         |(0)|                         
                         |   |                         
|(3)|   | 2 |   |   |   ||   ||(3)|   |   |   |   |   |
| 1 |   | 2 |   | 2 | 2 ||   || 2 |   |   |   |   | 1 |
| 1 | 2 | 2 |   | 2 | 2 ||   || 2 |   |   | 1 | 1 | 1 |
-------------------------------------------------------

-------------------------------------------------------
| 2 |   |   |   |   | 1 ||   ||   |   |   |   |   | 1 |
| 2 |   |   |   |   |   ||   ||   |   |   |   |   | 1 |
|   |   |   |   |   |   ||   ||   |   |   |   |   |(4)|
                         |   |                         
                         |(0)|             [5, 5, 5, 5]
                         |(0)|                         
                         |   |                         
|(2)|   | 2 |   |   |   ||   ||(3)|   |   |   |   |   |
| 1 |   | 2 |   | 2 | 2 ||   || 2 |   |   |   |   | 1 |
| 1 | 2 | 2 |   | 2 | 2 ||   || 2 |   |   | 1 | 1 | 1 |
-------------------------------------------------------

-------------------------------------------------------
|   |   |   |   |   | 1 ||   ||   |   |   |   |   | 1 |
|   |   |   |   |   |   ||   ||   |   |   |   |   | 1 |
|   |   |   |   |   |   ||   ||   |   |   |   |   |(4)|
                         |   |                         
[6, 1]                   |(0)|                         
                         |(0)|                         
                         |   |                         
|(2)|   |   |   |(2)|   ||   ||(4)|   |   |   |   |   |
| 1 |   | 2 |   | 2 | 2 ||   || 2 |   |   |   |   | 1 |
| 1 |   | 2 |   | 2 | 2 ||   || 2 | 2 |   | 1 | 1 | 1 |
-------------------------------------------------------

-------------------------------------------------------
| 1 |   |   |   |   |   ||   ||   |   |   |   |   | 1 |
|   |   |   |   |   |   ||   ||   |   |   |   |   | 1 |
|   |   |   |   |   |   ||   ||   |   |   |   |   |(5)|
                         |   |                         
                         |(0)|                   [6, 5]
                         |(0)|                         
                         |   |                         
| 1 |   |   |   |(2)|   ||   ||(4)|   |   |   |   |   |
| 1 |   | 2 |   | 2 | 2 ||   || 2 |   |   |   |   | 1 |
| 1 |   | 2 |   | 2 | 2 ||   || 2 | 2 |   | 1 | 1 | 1 |
-------------------------------------------------------

-------------------------------------------------------
| 1 |   |   |   |   |   ||   ||   |   |   |   |   | 1 |
|   |   |   |   |   |   ||   ||   |   |   |   |   | 1 |
|   |   |   |   |   |   ||   ||   |   |   |   |   |(5)|
                         |   |                         
[6, 1]                   |(0)|                         
                         |(0)|                         
                         |   |                         
| 1 |   |   |   |(2)|   ||   ||(4)|   |   |   |   |   |
| 1 |   |   |   | 2 | 2 ||   || 2 | 2 |   |   |   | 1 |
| 1 |   |   |   | 2 | 2 ||   || 2 | 2 | 2 | 1 | 1 | 1 |
-------------------------------------------------------

-------------------------------------------------------
|   |   |   |   |   |   ||   ||   | 1 |   |   |   | 1 |
|   |   |   |   |   |   ||   ||   |   |   |   |   | 1 |
|   |   |   |   |   |   ||   ||   |   |   |   |   |(5)|
                         |   |                         
                         |(0)|                   [5, 4]
                         |(0)|                         
                         |   |                         
| 1 |   |   |   |(2)|   ||   ||(4)|   |   |   |   |   |
| 1 |   |   |   | 2 | 2 ||   || 2 | 2 |   |   |   | 1 |
| 1 |   |   |   | 2 | 2 ||   || 2 | 2 | 2 | 1 | 1 | 1 |
-------------------------------------------------------

-------------------------------------------------------
|   |   |   |   |   |   ||   ||   | 1 |   |   |   | 1 |
|   |   |   |   |   |   ||   ||   |   |   |   |   | 1 |
|   |   |   |   |   |   ||   ||   |   |   |   |   |(5)|
                         |   |                         
[3, 2]                   |(0)|                         
                         |(1)|                         
                         |   |                         
| 1 |   |   |   |   |   ||   ||(4)|   |   |   |   |   |
| 1 |   |   |   | 2 | 2 ||   || 2 | 2 | 2 |   |   | 1 |
| 1 |   |   |   | 2 | 2 ||   || 2 | 2 | 2 | 2 | 1 | 1 |
-------------------------------------------------------

-------------------------------------------------------
|   |   |   |   |   |   ||   ||   |   |   | 1 |   | 1 |
|   |   |   |   |   |   ||   ||   |   |   |   |   | 1 |
|   |   |   |   |   |   ||   ||   |   |   |   |   |(5)|
                         |   |                         
                         |(1)|                   [1, 6]
                         |(0)|                         
                         |   |                         
| 1 |   |   |   |   |   ||   ||(4)|   |   |   |   |   |
| 1 |   |   |   | 2 | 2 ||   || 2 | 2 | 2 |   |   | 1 |
| 1 |   |   |   | 2 | 2 ||   || 2 | 2 | 2 | 1 | 1 | 1 |
-------------------------------------------------------

-------------------------------------------------------
|   |   |   |   |   | 2 ||   ||   |   |   | 1 |   | 1 |
|   |   |   |   |   |   ||   ||   |   |   |   |   | 1 |
|   |   |   |   |   |   ||   ||   |   |   |   |   |(5)|
                         |   |                         
[4, 3]                   |(0)|                         
                         |(0)|                         
                         |   |                         
| 1 |   |   |   |   |   ||   ||(4)|   |   |   |   |   |
| 1 |   |   |   | 2 | 2 ||   || 2 | 2 | 2 |   |   | 1 |
| 1 |   |   |   | 2 | 2 ||   || 2 | 2 | 2 | 1 | 1 | 1 |
-------------------------------------------------------

-------------------------------------------------------
|   |   |   |   |   | 2 ||   || 1 |   |   | 1 |   | 1 |
|   |   |   |   |   |   ||   ||   |   |   |   |   | 1 |
|   |   |   |   |   |   ||   ||   |   |   |   |   |(5)|
                         |   |                         
                         |(0)|                   [3, 2]
                         |(0)|                         
                         |   |                         
|   |   |   |   |   |   ||   ||(4)|   |   |   |   |   |
| 1 |   |   |   | 2 | 2 ||   || 2 | 2 | 2 |   |   | 1 |
| 1 |   |   |   | 2 | 2 ||   || 2 | 2 | 2 | 1 | 1 | 1 |
-------------------------------------------------------

-------------------------------------------------------
| 2 |   |   |   |   |   ||   || 1 |   |   | 1 |   | 1 |
|   |   |   |   |   |   ||   ||   |   |   |   |   | 1 |
|   |   |   |   |   |   ||   ||   |   |   |   |   |(5)|
                         |   |                         
[5, 1]                   |(0)|                         
                         |(0)|                         
                         |   |                         
|   |   |   |   |   |   ||   ||(4)|   |   |   |   |   |
| 1 |   |   |   | 2 | 2 ||   || 2 | 2 | 2 |   |   | 1 |
| 1 |   |   |   | 2 | 2 ||   || 2 | 2 | 2 | 1 | 1 | 1 |
-------------------------------------------------------

-------------------------------------------------------
| 2 |   |   |   |   |   ||   ||   |   |   |   | 1 | 1 |
|   |   |   |   |   |   ||   ||   |   |   |   |   | 1 |
|   |   |   |   |   |   ||   ||   |   |   |   |   |(6)|
                         |   |                         
                         |(0)|                   [4, 1]
                         |(0)|                         
                         |   |                         
|   |   |   |   |   |   ||   ||(4)|   |   |   |   |   |
| 1 |   |   |   | 2 | 2 ||   || 2 | 2 | 2 |   |   | 1 |
| 1 |   |   |   | 2 | 2 ||   || 2 | 2 | 2 | 1 | 1 | 1 |
-------------------------------------------------------

-------------------------------------------------------
|   |   |   |   |   |   ||   ||   |   |   |   | 1 | 1 |
|   |   |   |   |   |   ||   ||   |   |   |   |   | 1 |
|   |   |   |   |   |   ||   ||   |   |   |   |   |(6)|
                         |   |                         
[6, 4]                   |(0)|                         
                         |(0)|                         
                         |   |                         
|   |   |   |   | 2 |   ||   ||(4)|   |   |   |   |   |
| 1 |   |   |   | 2 | 2 ||   || 2 | 2 | 2 |   |   | 1 |
| 1 |   |   |   | 2 | 2 ||   || 2 | 2 | 2 | 1 | 1 | 1 |
-------------------------------------------------------

-------------------------------------------------------
|   |   |   |   |   |   ||   ||   |   |   | 1 | 1 | 1 |
|   |   |   |   |   |   ||   ||   |   |   |   |   | 1 |
|   |   |   |   |   |   ||   ||   |   |   |   |   |(6)|
                         |   |                         
                         |(0)|                   [6, 5]
                         |(0)|                         
                         |   |                         
|   |   |   |   | 2 |   ||   ||(4)|   |   |   |   |   |
|   |   |   |   | 2 | 2 ||   || 2 | 2 | 2 |   |   | 1 |
| 1 |   |   |   | 2 | 2 ||   || 2 | 2 | 2 | 1 | 1 | 1 |
-------------------------------------------------------

-------------------------------------------------------
|   |   |   |   |   |   ||   ||   |   |   | 1 | 1 | 1 |
|   |   |   |   |   |   ||   ||   |   |   |   |   | 1 |
|   |   |   |   |   |   ||   ||   |   |   |   |   |(6)|
                         |   |                         
[5, 1]                   |(0)|                         
                         |(2)|                         
                         |   |                         
|   |   |   |   |   |   ||   ||(4)|   |   |   |   |   |
|   |   |   |   |   | 2 ||   || 2 | 2 | 2 |   |   | 1 |
| 1 |   |   |   | 2 | 2 ||   || 2 | 2 | 2 | 2 | 2 | 1 |
-------------------------------------------------------

-------------------------------------------------------
|   |   |   |   |   |   ||   ||   |   |   | 1 | 1 | 1 |
|   |   |   |   |   |   ||   ||   |   |   |   |   | 1 |
|   |   |   |   |   |   ||   ||   |   |   |   |   |(6)|
                         |   |                         
                         |(0)|                   [6, 4]
                         |(1)|                         
                         |   |                         
|   |   |   |   |   |   ||   ||(4)|   |   |   |   | 1 |
|   |   |   |   |   | 2 ||   || 2 | 2 | 2 |   |   | 1 |
| 1 |   |   |   | 2 | 2 ||   || 2 | 2 | 2 | 2 | 2 | 1 |
-------------------------------------------------------

-------------------------------------------------------
|   |   |   |   |   |   ||   ||   |   |   | 1 | 1 | 1 |
|   |   |   |   |   |   ||   ||   |   |   |   |   | 1 |
|   |   |   |   |   |   ||   ||   |   |   |   |   |(6)|
                         |   |                         
                         |(0)|                   [3, 2]
                         |(1)|                         
                         |   |                         
|   |   |   |   |   |   ||   ||(4)|   |   |   |   | 1 |
|   |   |   |   |   |   ||   || 2 | 2 | 2 | 2 | 2 | 1 |
| 1 |   |   |   |   | 2 ||   || 2 | 2 | 2 | 2 | 2 | 1 |
-------------------------------------------------------

-------------------------------------------------------
|   |   |   |   |   |   ||   ||   |   |   | 1 | 1 | 1 |
|   |   |   |   |   |   ||   ||   |   |   |   |   | 1 |
|   |   |   |   |   |   ||   ||   |   |   |   |   |(6)|
                         |   |                         
                         |(0)|                   [4, 1]
                         |(1)|                         
                         |   |                         
|   |   |   |   |   |   ||   ||(4)|   | 2 |   |   | 1 |
|   |   |   |   |   |   ||   || 2 | 2 | 2 | 2 |   | 1 |
| 1 |   |   |   |   |   ||   || 2 | 2 | 2 | 2 | 2 | 1 |
-------------------------------------------------------

-------------------------------------------------------
|   |   |   |   |   |   ||   ||   |   |   | 1 | 1 | 1 |
|   |   |   |   |   |   ||   ||   |   |   |   |   | 1 |
|   |   |   |   |   |   ||   ||   |   |   |   |   |(6)|
                         |   |                         
                         |(0)|                   [4, 2]
                         |(1)|                         
                         |   |                         
|   |   |   |   |   |   ||   ||(3)| 2 |   |   |   | 1 |
|   |   |   |   |   |   ||   || 2 | 2 | 2 | 2 |   | 1 |
| 1 |   |   |   |   |   ||   || 2 | 2 | 2 | 2 | 2 | 1 |
-------------------------------------------------------

-------------------------------------------------------
|   |   |   |   |   |   ||   ||   |   |   | 1 | 1 | 1 |
|   |   |   |   |   |   ||   ||   |   |   |   |   | 1 |
|   |   |   |   |   |   ||   ||   |   |   |   |   |(6)|
                         |   |                         
[5, 1]                   |(0)|                         
                         |(1)|                         
                         |   |                         
|   |   |   |   |   |   ||   ||(3)| 2 |   |   |   | 1 |
|   |   |   |   |   |   ||   || 2 | 2 |   | 2 |   | 1 |
| 1 |   |   |   |   |   ||   || 2 | 2 | 2 | 2 |   | 1 |
-------------------------------------------------------

-------------------------------------------------------
|   |   |   |   | 1 |   ||   ||   |   |   | 1 | 1 | 1 |
|   |   |   |   |   |   ||   ||   |   |   |   |   | 1 |
|   |   |   |   |   |   ||   ||   |   |   |   |   |(6)|
                         |   |                         
                         |(0)|             [4, 4, 4, 4]
                         |(0)|                         
                         |   |                         
|   |   |   |   |   |   ||   ||(3)| 2 |   |   |   |(2)|
|   |   |   |   |   |   ||   || 2 | 2 |   | 2 |   | 1 |
|   |   |   |   |   |   ||   || 2 | 2 | 2 | 2 |   | 1 |
-------------------------------------------------------

-------------------------------------------------------
|   |   |   |   | 1 |   ||   ||   |   |   | 1 | 1 | 1 |
|   |   |   |   |   |   ||   ||   |   |   |   |   | 1 |
|   |   |   |   |   |   ||   ||   |   |   |   |   |(6)|
                         |   |                         
[2, 2, 2, 2]             |(0)|                         
                         |(0)|                         
                         |   |                         
|   |   |   |   |   |   ||   ||   | 2 |   |   | 2 |(2)|
|   |   |   |   |   |   ||   || 2 | 2 |   | 2 | 2 | 1 |
|   |   |   |   |   |   ||   || 2 | 2 |   | 2 | 2 | 1 |
-------------------------------------------------------

-------------------------------------------------------
|   |   |   |   |   |   ||   ||   |   |   |   | 1 | 1 |
|   |   |   |   |   |   ||   ||   |   |   |   | 1 | 1 |
|   |   |   |   |   |   ||   ||   |   |   |   |   |(7)|
                         |   |                         
                         |(0)|             [4, 4, 4, 4]
                         |(0)|                         
                         |   |                         
|   |   |   |   |   |   ||   ||   | 2 |   |   | 2 |(2)|
|   |   |   |   |   |   ||   || 2 | 2 |   | 2 | 2 | 1 |
|   |   |   |   |   |   ||   || 2 | 2 |   | 2 | 2 | 1 |
-------------------------------------------------------

-------------------------------------------------------
|   |   |   |   |   |   ||   ||   |   |   |   | 1 | 1 |
|   |   |   |   |   |   ||   ||   |   |   |   | 1 | 1 |
|   |   |   |   |   |   ||   ||   |   |   |   |   |(7)|
                         |   |                         
[5, 1]                   |(0)|                         
                         |(0)|                         
                         |   |                         
|   |   |   |   |   |   ||   ||   | 2 |   |   |(3)|(2)|
|   |   |   |   |   |   ||   ||   | 2 |   | 2 | 2 | 1 |
|   |   |   |   |   |   ||   ||   | 2 |   | 2 | 2 | 1 |
-------------------------------------------------------

-------------------------------------------------------
|   |   |   |   |   |   ||   ||   |   |   |   | 1 | 1 |
|   |   |   |   |   |   ||   ||   |   |   |   |   | 1 |
|   |   |   |   |   |   ||   ||   |   |   |   |   |(8)|
                         |   |                         
                         |(0)|                   [3, 1]
                         |(0)|                         
                         |   |                         
|   |   |   |   |   |   ||   ||   | 2 |   |   |(3)| 1 |
|   |   |   |   |   |   ||   ||   | 2 |   | 2 | 2 | 1 |
|   |   |   |   |   |   ||   || 1 | 2 |   | 2 | 2 | 1 |
-------------------------------------------------------

-------------------------------------------------------
|   |   |   |   |   |   ||   ||   |   |   |   | 1 | 1 |
|   |   |   |   |   |   ||   ||   |   |   |   |   | 1 |
|   |   |   |   |   |   ||   ||   |   |   |   |   |(8)|
                         |   |                         
[6, 4]                   |(0)|                         
                         |(0)|                         
                         |   |                         
|   |   |   |   |   |   ||   ||   |   |   |   |(3)| 1 |
|   |   |   |   |   |   ||   ||   | 2 |   |   | 2 | 1 |
|   |   |   |   |   |   ||   || 1 | 2 | 2 | 2 | 2 | 1 |
-------------------------------------------------------

-------------------------------------------------------
|   |   |   | 1 |   |   ||   ||   |   |   |   | 1 | 1 |
|   |   |   |   |   |   ||   ||   |   |   |   |   | 1 |
|   |   |   |   |   |   ||   ||   |   |   |   |   |(8)|
                         |   |                         
                         |(0)|             [4, 4, 4, 4]
                         |(0)|                         
                         |   |                         
|   |   |   |   |   |   ||   ||   |   |   |   |(3)| 1 |
|   |   |   |   |   |   ||   ||   | 2 |   |   | 2 | 1 |
|   |   |   |   |   |   ||   ||   | 2 | 2 | 2 | 2 | 1 |
-------------------------------------------------------

-------------------------------------------------------
|   |   |   | 1 |   |   ||   ||   |   |   |   | 1 | 1 |
|   |   |   |   |   |   ||   ||   |   |   |   |   | 1 |
|   |   |   |   |   |   ||   ||   |   |   |   |   |(8)|
                         |   |                         
[1, 1, 1, 1]             |(0)|                         
                         |(0)|                         
                         |   |                         
|   |   |   |   |   |   ||   ||   |   |   |   |(3)| 1 |
|   |   |   |   |   |   ||   ||   | 2 |   |   | 2 | 1 |
|   |   |   |   |   |   ||   ||   | 2 |   | 2 | 2 | 1 |
-------------------------------------------------------

-------------------------------------------------------
|   |   |   |   |   |   ||   || 1 |   |   |   |   | 1 |
|   |   |   |   |   |   ||   ||   |   |   |   |   | 1 |
|   |   |   |   |   |   ||   ||   |   |   |   |   |(9)|
                         |   |                         
                         |(0)|                   [6, 3]
                         |(0)|                         
                         |   |                         
|   |   |   |   |   |   ||   ||   |   |   |   |(3)| 1 |
|   |   |   |   |   |   ||   ||   | 2 |   |   | 2 | 1 |
|   |   |   |   |   |   ||   ||   | 2 |   | 2 | 2 | 1 |
-------------------------------------------------------

-------------------------------------------------------
|   |   |   |   |   |   ||   || 1 |   |   |   |   | 1 |
|   |   |   |   |   |   ||   ||   |   |   |   |   | 1 |
|   |   |   |   |   |   ||   ||   |   |   |   |   |(9)|
                         |   |                         
[6, 2]                   |(0)|                         
                         |(0)|                         
                         |   |                         
|   |   |   |   |   |   ||   ||   |   |   |   |(3)| 1 |
|   |   |   |   |   |   ||   ||   |   |   |   | 2 | 1 |
|   |   |   |   |   |   ||   ||   | 2 |   |   | 2 | 1 |
-------------------------------------------------------

-------------------------------------------------------
|   |   |   |   |   |   ||   ||   |   | 1 |   |   | 1 |
|   |   |   |   |   |   ||   ||   |   |   |   |   | 1 |
|   |   |   |   |   |   ||   ||   |   |   |   |   |(9)|
                         |   |                         
                         |(0)|                   [6, 2]
                         |(0)|                         
                         |   |                         
|   |   |   |   |   |   ||   ||   |   |   |   |(3)|   |
|   |   |   |   |   |   ||   ||   |   |   |   | 2 | 1 |
|   |   |   |   |   | 1 ||   ||   | 2 |   |   | 2 | 1 |
-------------------------------------------------------

-------------------------------------------------------
|   |   |   |   |   |   ||   ||   |   | 1 |   |   | 1 |
|   |   |   |   |   |   ||   ||   |   |   |   |   | 1 |
|   |   |   |   |   |   ||   ||   |   |   |   |   |(9)|
                         |   |                         
[2, 2, 2, 2]             |(0)|                         
                         |(0)|                         
                         |   |                         
|   |   |   |   |   |   ||   ||   |   |   |   |(2)|   |
|   |   |   |   |   |   ||   ||   |   |   |   | 2 | 1 |
|   |   |   |   |   | 1 ||   ||   |   |   |   | 2 | 1 |
-------------------------------------------------------

-------------------------------------------------------
| 1 |   |   |   |   |   ||   ||   |   |   |   | 1 | 1 |
|   |   |   |   |   |   ||   ||   |   |   |   |   | 1 |
|   |   |   |   |   |   ||   ||   |   |   |   |   |(9)|
                         |   |                         
                         |(0)|             [2, 2, 2, 2]
                         |(0)|                         
                         |   |                         
|   |   |   |   |   |   ||   ||   |   |   |   |(2)|   |
|   |   |   |   |   |   ||   ||   |   |   |   | 2 | 1 |
|   |   |   |   |   |   ||   ||   |   |   |   | 2 | 1 |
-------------------------------------------------------

Round 1 won by Player1 (2 - 0), final board: 
-------------------------------------------------------
|   |   |   |   |   |   ||   ||   |   |   |   |   |   |
|   |   |   |   |   |   ||   ||   |   |   |   |   |   |
|   |   |   |   |   |   ||   ||   |   |   |   |   |   |
                         |   |                         
[1]                      |(0)|                         
                         |(0)|                         
                         |   |                         
|   |   |   |   |   |   ||   ||   |   |   |   | 2 |(4)|
|   |   |   |   | 2 |   ||   ||   | 2 |   |   | 2 | 2 |
|   |   |   |   | 2 |   ||   ||   | 2 | 2 | 2 | 2 | 2 |
-------------------------------------------------------

Round 2 won by Player1 (5 - 0), final board: 
-------------------------------------------------------
|   | 2 | 2 |   |   |   ||   ||   | 2 |   |   |   |   |
|   |   | 2 |   |   |   ||   ||   | 2 |   |   |   |   |
|   |   |   |   |   |   ||   ||   | 2 |   |   |   |   |
                         |   |                         
[2]                      |(0)|                         
                         |(0)|                         
                         |   |                         
|   |   |   |   |   |   ||   ||   |   |   |   |   |   |
|   |   |   |   |   |   ||   ||   |   | 2 | 2 |   | 2 |
|   |   | 2 | 2 |   |   ||   ||   |   | 2 | 2 | 2 | 2 |
-------------------------------------------------------

Round 3 won by Player2 (5 - 2), final board: 
-------------------------------------------------------
|   |   |   |   |   |   ||   ||   |   | 1 | 1 | 1 | 1 |
|   |   |   |   |   |   ||   ||   |   | 1 | 1 | 1 | 1 |
|   |   |   |   |   |   ||   ||   |   |(2)| 1 |(4)|   |
                         |   |                         
                         |(0)|                      [5]
                         |(0)|                         
                         |   |                         
|   |   |   |   |   |   ||   ||   |   |   |   |   |   |
|   |   |   |   |   |   ||   ||   |   |   |   |   |   |
|   |   |   |   |   |   ||   ||   |   |   |   |   |   |
-------------------------------------------------------

Round 4 won by Player2 (5 - 3), final board: 
-------------------------------------------------------
|   |   |   |   |   |   ||   ||   |   |   |   |   | 1 |
|   |   |   |   |   |   ||   ||   |   |   |   |   | 1 |
|   |   |   |   |   |   ||   ||   |   |   |   |   |(3)|
                         |   |                         
                         |(0)|                      [3]
                         |(0)|                         
                         |   |                         
|   |   |   |   |   |   ||   ||   |   |   |   |   |   |
|   |   |   |   |   |   ||   ||   |   |   |   |   |   |
|   |   |   |   |   |   ||   ||   |   |   |   |   |   |
-------------------------------------------------------

Round 5 won by Player2 (5 - 4), final board: 
-------------------------------------------------------
|   |   |   |   |   |   ||   ||   |   |   |   |   | 1 |
|   |   |   |   |   |   ||   ||   |   |   |   |   | 1 |
|   |   |   |   |   |   ||   ||   |   |   |   |   | 1 |
                         |   |                         
                         |(0)|                      [1]
                         |(0)|                         
                         |   |                         
|   |   |   |   |   |   ||   ||   |   |   |   |   |   |
|   |   |   |   |   |   ||   ||   |   |   |   |   |   |
|   |   |   |   |   |   ||   ||   |   |   |   |   |   |
-------------------------------------------------------

Round 6 won by Player1 (7 - 4), final board: 
-------------------------------------------------------
|   |   |   | 2 |   |   ||   ||   |   |   |   |   |   |
|   |   |   |   |   |   ||   ||   |   |   |   |   |   |
|   |   |   |   |   |   ||   ||   |   |   |   |   |   |
                         |   |                         
[4]                      |(0)|                         
                         |(0)|                         
                         |   |                         
|   |   |   |   |   |   ||   ||   |   |   |   |   |(5)|
|   |   |   |   |   |   ||   ||   | 2 | 2 |   |   | 2 |
|   |   | 2 |   |   |   ||   ||   | 2 | 2 | 2 | 2 | 2 |
-------------------------------------------------------

Round 7 won by Player1 (8 - 4), final board: 
-------------------------------------------------------
|   |   |   |   |   |   ||   ||   |   |   |   |   |   |
|   |   |   |   |   |   ||   ||   |   |   |   |   |   |
|   |   |   |   |   |   ||   ||   |   |   |   |   |   |
                         |   |                         
[1]                      |(0)|                         
                         |(0)|                         
                         |   |                         
|   |   |   |   |   |   ||   ||   |   |   |   |   |(5)|
|   |   |   |   |   |   ||   ||   |   |   |   | 2 | 2 |
|   |   |   |   |   |   ||   ||   |   |   |   | 2 | 2 |
-------------------------------------------------------

Round 8 won by Player1 (10 - 4), final board: 
-------------------------------------------------------
|   |   |   |   |   |   ||   ||   |   |   |   |   |   |
|   |   |   |   |   |   ||   ||   |   |   |   |   |   |
|   |   |   |   |   |   ||   ||   |   |   |   |   |   |
                         |   |                         
[6]                      |(0)|                         
                         |(0)|                         
                         |   |                         
|   |   |   |   |   |   ||   ||   |   |   |   |(2)|(7)|
|   |   |   |   |   |   ||   ||   |   |   |   | 2 | 2 |
|   | 2 |   |   |   | 2 ||   ||   |   |   |   | 2 | 2 |
-------------------------------------------------------

Round 9 won by Player1 (12 - 4), final board: 
-------------------------------------------------------
|   | 2 |   |   |   |   ||   ||   |   |   |   |   |   |
|   |   |   |   |   |   ||   ||   |   |   |   |   |   |
|   |   |   |   |   |   ||   ||   |   |   |   |   |   |
                         |   |                         
[4]                      |(0)|                         
                         |(0)|                         
                         |   |                         
|   |   |   | 2 |   |   ||   ||   |   |   | 2 |(2)|(2)|
|   |   |   | 2 |   |   ||   ||   |   |   | 2 | 2 | 2 |
|   |   |   | 2 |   |   ||   ||   |   |   | 2 | 2 | 2 |
-------------------------------------------------------

Round 10 won by Player2 (12 - 7), final board: 
-------------------------------------------------------
|   | 1 |   |   | 1 |   ||   || 1 | 1 | 1 | 1 | 1 |   |
|   |   |   |   | 1 |   ||   || 1 |   |   |   |   |   |
|   |   |   |   | 1 |   ||   ||   |   |   |   |   |   |
                         |   |                         
                         |(0)|                [6, 6, 6]
                         |(0)|                         
                         |   |                         
|   |   | 1 |   |   |   ||   ||   |   |   |   |   |   |
|   |   | 1 |   |   |   ||   ||   |   |   |   |   |   |
| 1 |   | 1 |   |   |   ||   || 1 |   |   |   |   |   |
-------------------------------------------------------

Round 11 won by Player1 (15 - 7), final board: 
-------------------------------------------------------
| 2 | 2 |   | 2 | 2 |   ||   ||   | 2 |   |   |   |   |
|   |   |   |   |   |   ||   ||   |   |   |   |   |   |
|   |   |   |   |   |   ||   ||   |   |   |   |   |   |
                         |   |                         
[]                       |(0)|                         
                         |(0)|                         
                         |   |                         
|   |   |   |   |   |   ||   ||   |   |   |   |   |(2)|
|   |   |   |   |   |   ||   ||   |   |   |   | 2 | 2 |
|   | 2 |   |   |   | 2 ||   ||   | 2 |   | 2 | 2 | 2 |
-------------------------------------------------------

Round 12 won by Player2 (15 - 8), final board: 
-------------------------------------------------------
|   |   |   |   |   |   ||   ||   |   |   |   |   | 1 |
|   |   |   |   |   |   ||   ||   |   |   |   |   | 1 |
|   |   |   |   |   |   ||   ||   |   |   |   |   |   |
                         |   |                         
                         |(0)|                      [1]
                         |(0)|                         
                         |   |                         
|   |   |   |   |   |   ||   ||   |   |   |   |   |   |
|   |   |   |   |   |   ||   ||   |   |   |   |   |   |
|   |   |   |   |   |   ||   ||   |   |   |   |   |   |
-------------------------------------------------------

Round 13 won by Player2 (15 - 11), final board: 
-------------------------------------------------------
|   |   |   | 1 |   |   ||   ||   |   | 1 |   | 1 | 1 |
|   |   |   |   |   |   ||   ||   |   |   |   |   | 1 |
|   |   |   |   |   |   ||   ||   |   |   |   |   |(6)|
                         |   |                         
                         |(0)|                       []
                         |(0)|                         
                         |   |                         
|   |   |   |   |   |   ||   ||   |   |   |   |   |   |
|   |   |   |   |   |   ||   ||   | 1 |   |   |   |   |
|   | 1 |   | 1 |   |   ||   ||   | 1 |   |   |   |   |
-------------------------------------------------------

Round 14 won by Player1 (17 - 11), final board: 
-------------------------------------------------------
|   |   |   |   |   |   ||   ||   |   |   |   |   |   |
|   |   |   |   |   |   ||   ||   |   |   |   |   |   |
|   |   |   |   |   |   ||   ||   |   |   |   |   |   |
                         |   |                         
[1]                      |(0)|                         
                         |(0)|                         
                         |   |                         
|   |   |   |   |   |   ||   ||   |   |   |   |(2)| 2 |
|   |   |   | 2 | 2 |   ||   ||   |   |   |   | 2 | 2 |
|   |   |   | 2 | 2 | 2 ||   ||   | 2 | 2 | 2 | 2 | 2 |
-------------------------------------------------------

Round 15 won by Player2 (17 - 12), final board: 
-------------------------------------------------------
|   |   |   |   |   |   ||   ||   |   |   | 1 | 1 | 1 |
|   |   |   |   |   |   ||   ||   |   |   | 1 | 1 | 1 |
|   |   |   |   |   |   ||   ||   |   |   |   |   |(3)|
                         |   |                         
                         |(0)|                      [4]
                         |(0)|                         
                         |   |                         
|   |   |   |   |   |   ||   ||   |   |   |   |   |   |
|   |   |   |   |   |   ||   ||   |   |   |   |   |   |
|   |   |   |   |   |   ||   ||   |   |   |   |   |   |
-------------------------------------------------------

Round 16 won by Player2 (17 - 13), final board: 
-------------------------------------------------------
|   |   |   |   |   |   ||   || 1 |   | 1 | 1 | 1 | 1 |
|   |   |   |   |   |   ||   || 1 |   |   | 1 |   | 1 |
|   |   |   |   |   |   ||   ||   |   |   |(6)|   |   |
                         |   |                         
                         |(0)|                       []
                         |(0)|                         
                         |   |                         
|   |   |   |   |   |   ||   ||   |   |   |   |   |   |
|   |   |   |   |   |   ||   ||   |   |   |   |   |   |
|   |   |   |   |   |   ||   ||   |   |   |   |   |   |
-------------------------------------------------------

Round 17 won by Player1 (18 - 13), final board: 
-------------------------------------------------------
|   |   |   |   |   |   ||   ||   |   |   |   |   |   |
|   |   |   |   |   |   ||   ||   |   |   |   |   |   |
|   |   |   |   |   |   ||   ||   |   |   |   |   |   |
                         |   |                         
[1]                      |(0)|                         
                         |(0)|                         
                         |   |                         
|   |   |   |   |   |   ||   ||   |   |   |   |   | 2 |
|   |   |   |   |   |   ||   ||   |   |   |   |   | 2 |
|   |   |   |   |   |   ||   ||   |   |   |   |   | 2 |
-------------------------------------------------------

Round 18 won by Player1 (20 - 13), final board: 
-------------------------------------------------------
| 2 |   |   |   |   |   ||   ||   |   |   |   |   |   |
| 2 |   |   |   |   |   ||   ||   |   |   |   |   |   |
| 2 |   |   |   |   |   ||   ||   |   |   |   |   |   |
                         |   |                         
[]                       |(0)|                         
                         |(0)|                         
                         |   |                         
|   |   |   |   |   |   ||   ||   |   |   |   |   |(5)|
|   |   |   |   |   |   ||   ||   |   |   |   |   | 2 |
|   | 2 |   | 2 | 2 |   ||   || 2 |   |   |   | 2 | 2 |
-------------------------------------------------------

Round 19 won by Player1 (23 - 13), final board: 
-------------------------------------------------------
|   |   |   | 2 |   |   ||   ||   | 2 | 2 |   |   |   |
|   |   |   |   |   |   ||   ||   |   |   |   |   |   |
|   |   |   |   |   |   ||   ||   |   |   |   |   |   |
                         |   |                         
[4]                      |(0)|                         
                         |(0)|                         
                         |   |                         
|   |   |   |   |   |   ||   ||   |   |   |   | 2 |(2)|
|   |   |   |   |   |   ||   ||   |   |   | 2 | 2 | 2 |
|   |   | 2 |   |   | 2 ||   ||   |   | 2 | 2 | 2 | 2 |
-------------------------------------------------------

Round 20 won by Player2 (23 - 15), final board: 
-------------------------------------------------------
|   |   | 1 |   |   |   ||   || 1 |   | 1 |   | 1 | 1 |
|   |   |   |   |   |   ||   ||   |   | 1 |   | 1 | 1 |
|   |   |   |   |   |   ||   ||   |   |   |   |(5)|   |
                         |   |                         
                         |(0)|                       []
                         |(0)|                         
                         |   |                         
|   |   |   |   |   |   ||   ||   |   |   |   |   |   |
|   |   |   |   |   |   ||   ||   |   |   |   |   |   |
|   |   |   | 1 |   | 1 ||   ||   |   |   |   |   |   |
-------------------------------------------------------

Round 21 won by Player2 (23 - 16), final board: 
-------------------------------------------------------
|   |   |   |   |   |   ||   ||   |   |   | 1 | 1 | 1 |
|   |   |   |   |   |   ||   ||   |   |   |   | 1 | 1 |
|   |   |   |   |   |   ||   ||   |   |   |   |(5)| 1 |
                         |   |                         
                         |(0)|                   [3, 3]
                         |(0)|                         
                         |   |                         
|   |   |   |   |   |   ||   ||   |   |   |   |   |   |
|   |   |   |   |   |   ||   ||   |   |   |   |   |   |
|   |   |   |   |   |   ||   ||   |   |   |   |   |   |
-------------------------------------------------------

Round 22 won by Player1 (25 - 16), final board: 
-------------------------------------------------------
| 2 |   |   |   |   |   ||   ||   |   |   |   |   |   |
|   |   |   |   |   |   ||   ||   |   |   |   |   |   |
|   |   |   |   |   |   ||   ||   |   |   |   |   |   |
                         |   |                         
[]                       |(0)|                         
                         |(0)|                         
                         |   |                         
|   |   |   |   |   |   ||   ||   |   |   |   |(2)|(5)|
|   |   |   |   |   |   ||   ||   |   |   |   | 2 | 2 |
| 2 |   |   |   |   |   ||   ||   |   | 2 | 2 | 2 | 2 |
-------------------------------------------------------

Round 23 won by Player1 (27 - 16), final board: 
-------------------------------------------------------
|   |   | 2 |   |   |   ||   ||   |   |   |   |   |   |
|   |   |   |   |   |   ||   ||   |   |   |   |   |   |
|   |   |   |   |   |   ||   ||   |   |   |   |   |   |
                         |   |                         
[]                       |(0)|                         
                         |(0)|                         
                         |   |                         
|   |   |   |   |   |   ||   ||   |   |   |   |   |(9)|
|   |   |   |   |   |   ||   ||   |   |   |   |   | 2 |
|   |   |   |   |   |   ||   || 2 |   |   | 2 | 2 | 2 |
-------------------------------------------------------

Round 24 won by Player1 (28 - 16), final board: 
-------------------------------------------------------
|   |   |   |   |   |   ||   ||   |   |   |   |   |   |
|   |   |   |   |   |   ||   ||   |   |   |   |   |   |
|   |   |   |   |   |   ||   ||   |   |   |   |   |   |
                         |   |                         
[]                       |(0)|                         
                         |(0)|                         
                         |   |                         
|   |   |   |   |   |   ||   ||   |   | 2 |   |   |(8)|
|   |   |   |   |   |   ||   ||   |   | 2 |   |   | 2 |
|   |   |   |   |   |   ||   ||   |   | 2 |   | 2 | 2 |
-------------------------------------------------------

Round 25 won by Player1 (31 - 16), final board: 
-------------------------------------------------------
|   |   |   |   |   | 2 ||   || 2 |   |   |   |   |   |
|   |   |   |   |   |   ||   || 2 |   |   |   |   |   |
|   |   |   |   |   |   ||   || 2 |   |   |   |   |   |
                         |   |                         
[]                       |(0)|                         
                         |(0)|                         
                         |   |                         
|   | 2 |   |   |   |   ||   ||   |   |   |   |(2)| 2 |
|   | 2 |   |   |   |   ||   ||   |   |   |   | 2 | 2 |
|   | 2 |   |   |   |   ||   ||   | 2 |   |   | 2 | 2 |
-------------------------------------------------------

Round 26 won by Player2 (31 - 17), final board: 
-------------------------------------------------------
|   |   |   |   |   |   ||   ||   |   |   | 1 | 1 | 1 |
|   |   |   |   |   |   ||   ||   |   |   |   | 1 | 1 |
|   |   |   |   |   |   ||   ||   |   |   |   | 1 |(4)|
                         |   |                         
                         |(0)|                      [3]
                         |(0)|                         
                         |   |                         
|   |   |   |   |   |   ||   ||   |   |   |   |   |   |
|   |   |   |   |   |   ||   ||   |   |   |   |   |   |
|   |   |   |   |   |   ||   ||   |   |   |   |   |   |
-------------------------------------------------------

Round 27 won by Player1 (32 - 17), final board: 
-------------------------------------------------------
|   |   |   |   |   |   ||   ||   |   |   |   |   |   |
|   |   |   |   |   |   ||   ||   |   |   |   |   |   |
|   |   |   |   |   |   ||   ||   |   |   |   |   |   |
                         |   |                         
[2, 2, 2]                |(0)|                         
                         |(0)|                         
                         |   |                         
|   |   |   |   |   |   ||   ||   |   |   |   |   |(2)|
|   |   |   |   |   |   ||   ||   |   |   |   |   | 2 |
|   |   |   |   |   |   ||   ||   |   |   |   | 2 | 2 |
-------------------------------------------------------

Round 28 won by Player1 (35 - 17), final board: 
-------------------------------------------------------
|   |   | 2 | 2 |   |   ||   ||   | 2 |   |   |   |   |
|   |   |   | 2 |   |   ||   ||   |   |   |   |   |   |
|   |   |   |   |   |   ||   ||   |   |   |   |   |   |
                         |   |                         
[3]                      |(0)|                         
                         |(0)|                         
                         |   |                         
|   |   |   |   |   |   ||   ||   |   |   |   | 2 |(3)|
|   |   |   |   |   |   ||   ||   |   |   |   | 2 | 2 |
|   |   | 2 |   | 2 |   ||   ||   |   |   | 2 | 2 | 2 |
-------------------------------------------------------

Round 29 won by Player1 (37 - 17), final board: 
-------------------------------------------------------
| 2 |   |   | 2 |   |   ||   ||   |   |   |   |   |   |
|   |   |   | 2 |   |   ||   ||   |   |   |   |   |   |
|   |   |   |   |   |   ||   ||   |   |   |   |   |   |
                         |   |                         
[3]                      |(0)|                         
                         |(0)|                         
                         |   |                         
|   |   |   |   |   |   ||   ||   |   |   |   |(2)|(3)|
|   |   |   |   |   |   ||   ||   |   | 2 |   | 2 | 2 |
|   |   |   | 2 |   |   ||   ||   |   | 2 |   | 2 | 2 |
-------------------------------------------------------

Round 30 won by Player1 (38 - 17), final board: 
-------------------------------------------------------
|   |   |   |   |   |   ||   ||   |   |   |   |   |   |
|   |   |   |   |   |   ||   ||   |   |   |   |   |   |
|   |   |   |   |   |   ||   ||   |   |   |   |   |   |
                         |   |                         
[1]                      |(0)|                         
                         |(0)|                         
                         |   |                         
|   |   |   |   |   |   ||   ||   |   |   |   |(5)|(2)|
|   |   |   |   |   |   ||   ||   | 2 |   |   | 2 | 2 |
|   |   |   |   |   |   ||   ||   | 2 |   | 2 | 2 | 2 |
-------------------------------------------------------

Round 31 won by Player2 (38 - 18), final board: 
-------------------------------------------------------
|   |   |   |   |   |   ||   ||   |   | 1 | 1 |   | 1 |
|   |   |   |   |   |   ||   ||   |   |   | 1 |   | 1 |
|   |   |   |   |   |   ||   ||   |   |   |   |   |(6)|
                         |   |                         
                         |(0)|                       []
                         |(0)|                         
                         |   |                         
|   |   |   |   |   |   ||   ||   |   |   |   |   |   |
|   |   |   |   |   |   ||   ||   |   |   |   |   |   |
|   |   |   |   |   |   ||   ||   |   |   |   |   |   |
-------------------------------------------------------

Round 32 won by Player1 (39 - 18), final board: 
-------------------------------------------------------
|   |   |   |   |   |   ||   ||   |   |   |   |   |   |
|   |   |   |   |   |   ||   ||   |   |   |   |   |   |
|   |   |   |   |   |   ||   ||   |   |   |   |   |   |
                         |   |                         
[3]                      |(0)|                         
                         |(0)|                         
                         |   |                         
|   |   |   |   |   |   ||   ||   |   |   |   |   |   |
|   |   |   |   |   |   ||   ||   |   |   |   | 2 |   |
|   |   |   |   |   |   ||   ||   |   |   |   | 2 | 2 |
-------------------------------------------------------

Round 33 won by Player1 (40 - 18), final board: 
-------------------------------------------------------
|   |   |   |   |   |   ||   ||   |   |   |   |   |   |
|   |   |   |   |   |   ||   ||   |   |   |   |   |   |
|   |   |   |   |   |   ||   ||   |   |   |   |   |   |
                         |   |                         
[]                       |(0)|                         
                         |(0)|                         
                         |   |                         
|   |   |   |   |   |   ||   ||   |   |   |(2)|   |(4)|
|   |   |   |   |   |   ||   ||   |   |   | 2 | 2 | 2 |
|   |   |   |   |   |   ||   ||   |   | 2 | 2 | 2 | 2 |
-------------------------------------------------------

Round 34 won by Player2 (40 - 21), final board: 
-------------------------------------------------------
| 1 |   |   | 1 |   |   ||   ||   |   | 1 | 1 | 1 | 1 |
|   |   |   |   |   |   ||   ||   |   |   | 1 | 1 | 1 |
|   |   |   |   |   |   ||   ||   |   |   |(2)| 1 | 1 |
                         |   |                         
                         |(0)|                       []
                         |(0)|                         
                         |   |                         
|   |   |   |   |   |   ||   ||   |   |   |   |   |   |
|   |   |   |   |   |   ||   ||   |   |   |   |   |   |
|   |   |   |   | 1 |   ||   || 1 |   |   |   |   |   |
-------------------------------------------------------

Round 35 won by Player1 (42 - 21), final board: 
-------------------------------------------------------
|   |   |   |   | 2 |   ||   ||   |   |   |   |   |   |
|   |   |   |   |   |   ||   ||   |   |   |   |   |   |
|   |   |   |   |   |   ||   ||   |   |   |   |   |   |
                         |   |                         
[2]                      |(0)|                         
                         |(0)|                         
                         |   |                         
|   |   |   |   |   |   ||   ||   |   | 2 |   | 2 |(4)|
|   |   |   |   |   |   ||   ||   |   | 2 |   | 2 | 2 |
|   |   |   | 2 | 2 |   ||   ||   |   | 2 |   | 2 | 2 |
-------------------------------------------------------

Round 36 won by Player1 (43 - 21), final board: 
-------------------------------------------------------
|   |   |   |   |   |   ||   ||   |   |   |   |   |   |
|   |   |   |   |   |   ||   ||   |   |   |   |   |   |
|   |   |   |   |   |   ||   ||   |   |   |   |   |   |
                         |   |                         
[2]                      |(0)|                         
                         |(0)|                         
                         |   |                         
|   |   |   |   |   |   ||   ||   |   |   |   |   |(3)|
|   |   |   |   |   |   ||   ||   |   |   |   | 2 | 2 |
|   |   |   |   |   |   ||   ||   |   |   |   | 2 | 2 |
-------------------------------------------------------

Round 37 won by Player2 (43 - 22), final board: 
-------------------------------------------------------
|   |   |   |   |   |   ||   ||   |   |   |   |   | 1 |
|   |   |   |   |   |   ||   ||   |   |   |   |   | 1 |
|   |   |   |   |   |   ||   ||   |   |   |   |   |(2)|
                         |   |                         
                         |(0)|                       []
                         |(0)|                         
                         |   |                         
|   |   |   |   |   |   ||   ||   |   |   |   |   |   |
|   |   |   |   |   |   ||   ||   |   |   |   |   |   |
|   |   |   |   |   |   ||   ||   |   |   |   |   |   |
-------------------------------------------------------

Round 38 won by Player2 (43 - 23), final board: 
-------------------------------------------------------
|   |   |   |   |   |   ||   ||   |   |   | 1 | 1 | 1 |
|   |   |   |   |   |   ||   ||   |   |   | 1 | 1 | 1 |
|   |   |   |   |   |   ||   ||   |   |   |   |   |(8)|
                         |   |                         
                         |(0)|                      [1]
                         |(0)|                         
                         |   |                         
|   |   |   |   |   |   ||   ||   |   |   |   |   |   |
|   |   |   |   |   |   ||   ||   |   |   |   |   |   |
|   |   |   |   |   |   ||   ||   |   |   |   |   |   |
-------------------------------------------------------

Round 39 won by Player1 (44 - 23), final board: 
-------------------------------------------------------
|   |   |   |   |   |   ||   ||   |   |   |   |   |   |
|   |   |   |   |   |   ||   ||   |   |   |   |   |   |
|   |   |   |   |   |   ||   ||   |   |   |   |   |   |
                         |   |                         
[]                       |(0)|                         
                         |(0)|                         
                         |   |                         
|   |   |   |   |   |   ||   ||   |   |   |(3)|(2)|(2)|
|   |   |   |   |   |   ||   ||   |   |   | 2 | 2 | 2 |
|   |   |   |   |   |   ||   ||   |   |   | 2 | 2 | 2 |
-------------------------------------------------------

Round 40 won by Player1 (47 - 23), final board: 
-------------------------------------------------------
| 2 |   |   |   |   |   ||   ||   |   | 2 |   |   |   |
|   |   |   |   |   |   ||   ||   |   |   |   |   |   |
|   |   |   |   |   |   ||   ||   |   |   |   |   |   |
                         |   |                         
[2]                      |(0)|                         
                         |(0)|                         
                         |   |                         
|   |   |   |   |   |   ||   ||   |   |   |(2)|   |   |
|   |   |   |   |   |   ||   ||   | 2 |   | 2 | 2 | 2 |
|   |   | 2 |   |   | 2 ||   ||   | 2 | 2 | 2 | 2 | 2 |
-------------------------------------------------------

Round 41 won by Player2 (47 - 26), final board: 
-------------------------------------------------------
|   | 1 | 1 |   |   |   ||   ||   |   |   |   | 1 | 1 |
|   |   |   |   |   |   ||   ||   |   |   |   | 1 | 1 |
|   |   |   |   |   |   ||   ||   |   |   |   |(2)|(4)|
                         |   |                         
                         |(0)|                      [5]
                         |(0)|                         
                         |   |                         
|   |   |   |   |   |   ||   ||   |   |   |   |   |   |
|   |   |   |   |   |   ||   ||   |   |   |   |   |   |
|   |   | 1 |   | 1 |   ||   ||   | 1 |   |   |   |   |
-------------------------------------------------------

Round 42 won by Player2 (47 - 27), final board: 
-------------------------------------------------------
|   |   |   |   |   |   ||   ||   |   |   |   |   | 1 |
|   |   |   |   |   |   ||   ||   |   |   |   |   | 1 |
|   |   |   |   |   |   ||   ||   |   |   |   |   |(4)|
                         |   |                         
                         |(0)|                [6, 6, 6]
                         |(0)|                         
                         |   |                         
|   |   |   |   |   |   ||   ||   |   |   |   |   |   |
|   |   |   |   |   |   ||   ||   |   |   |   |   |   |
|   |   |   |   |   |   ||   ||   |   |   |   |   |   |
-------------------------------------------------------

Round 43 won by Player2 (47 - 29), final board: 
-------------------------------------------------------
|   |   |   |   | 1 |   ||   ||   | 1 | 1 | 1 | 1 | 1 |
|   |   |   |   |   |   ||   ||   |   |   |   | 1 | 1 |
|   |   |   |   |   |   ||   ||   |   |   |   |   |(6)|
                         |   |                         
                         |(0)|                      [5]
                         |(0)|                         
                         |   |                         
|   |   |   |   |   |   ||   ||   |   |   |   |   |   |
|   |   |   |   |   |   ||   ||   |   |   |   |   |   |
| 1 |   |   |   |   |   ||   ||   |   |   |   |   |   |
-------------------------------------------------------

Round 44 won by Player2 (47 - 31), final board: 
-------------------------------------------------------
|   |   |   | 1 |   |   ||   ||   |   | 1 | 1 |   | 1 |
|   |   |   | 1 |   |   ||   ||   |   |   |   |   | 1 |
|   |   |   |   |   |   ||   ||   |   |   |   |   |(6)|
                         |   |                         
                         |(0)|                       []
                         |(0)|                         
                         |   |                         
|   |   |   |   |   |   ||   ||   |   |   |   |   |   |
|   |   |   |   |   |   ||   ||   |   |   |   |   |   |
| 1 | 1 |   |   |   | 1 ||   ||   |   |   |   |   |   |
-------------------------------------------------------

Round 45 won by Player1 (49 - 31), final board: 
-------------------------------------------------------
|   |   |   |   |   |   ||   ||   |   |   |   |   |   |
|   |   |   |   |   |   ||   ||   |   |   |   |   |   |
|   |   |   |   |   |   ||   ||   |   |   |   |   |   |
                         |   |                         
[6, 6]                   |(0)|                         
                         |(0)|                         
                         |   |                         
|   |   |   |   |   |   ||   ||   |   |   |   |(2)|(6)|
|   |   |   |   |   |   ||   ||   |   |   |   | 2 | 2 |
|   |   |   |   |   |   ||   || 2 |   | 2 | 2 | 2 | 2 |
-------------------------------------------------------

Round 46 won by Player1 (52 - 31), final board: 
-------------------------------------------------------
| 2 |   |   |   |   |   ||   || 2 |   |   | 2 |   |   |
|   |   |   |   |   |   ||   || 2 |   |   |   |   |   |
|   |   |   |   |   |   ||   ||   |   |   |   |   |   |
                         |   |                         
[3]                      |(0)|                         
                         |(0)|                         
                         |   |                         
|   |   |   |   |   |   ||   ||   |   | 2 |   |   |   |
|   | 2 |   |   |   |   ||   ||   |   | 2 |   |   | 2 |
| 2 | 2 |   |   |   |   ||   || 2 | 2 | 2 | 2 |   | 2 |
-------------------------------------------------------

Final winner: Player1.
50 games took: 1041 ms
Round 1 won by Player2 (0 - 3), final board: 
-------------------------------------------------------
|   |   |   |   | 1 |   ||   ||   | 1 | 1 | 1 | 1 | 1 |
|   |   |   |   |   |   ||   ||   |   | 1 | 1 | 1 | 1 |
|   |   |   |   |   |   ||   ||   |   |   |   |(2)| 1 |
                         |   |                         
                         |(0)|                       []
                         |(0)|                         
                         |   |                         
|   |   |   |   |   |   ||   ||   |   |   |   |   |   |
|   |   |   |   |   |   ||   ||   |   |   |   |   | 1 |
|   |   |   |   |   |   ||   ||   |   |   |   |   | 1 |
-------------------------------------------------------

Round 2 won by Player2 (0 - 5), final board: 
-------------------------------------------------------
| 1 |   |   | 1 |   | 1 ||   || 1 |   |   |   | 1 | 1 |
|   |   |   |   |   |   ||   || 1 |   |   |   | 1 | 1 |
|   |   |   |   |   |   ||   ||   |   |   |   | 1 |(4)|
                         |   |                         
                         |(0)|                   [1, 1]
                         |(0)|                         
                         |   |                         
|   |   |   |   |   |   ||   ||   |   |   |   |   |   |
|   |   |   |   |   |   ||   ||   |   |   |   |   |   |
|   | 1 |   |   |   |   ||   ||   |   |   |   |   |   |
-------------------------------------------------------

Final winner: Player2.
Dice rolled: Dice(num1=6, num2=5)
-------------------------------------------------------
| 2 |   |   |   | 1 |   ||   || 1 |   |   |   |   | 2 |
| 2 |   |   |   | 1 |   ||   || 1 |   |   |   |   |   |
|(4)|   |   |   | 1 |   ||   ||(3)|   |   |   |   |   |
                         |   |                         
[6, 4]                   |(0)|                         
                         |(0)|                         
                         |   |                         
|(3)|   |   |   | 2 |   ||   ||(3)|   |   |   |   |   |
| 1 |   |   |   | 2 |   ||   || 2 |   |   |   |   | 1 |
| 1 |   |   |   | 2 |   ||   || 2 |   |   |   |   | 1 |
-------------------------------------------------------

]]></system-out>
  <system-err><![CDATA[]]></system-err>
</testsuite>
