<?xml version="1.0" encoding="UTF-8"?>
<testsuite name="com.hermes.trictrac.android.phoenix.SharedMetadataParityTest" tests="3" skipped="0" failures="0" errors="0" timestamp="2026-05-26T23:19:48" hostname="pandora.local" time="0.005">
  <properties/>
  <testcase name="languageCatalogMatchesExpectedLocales" classname="com.hermes.trictrac.android.phoenix.SharedMetadataParityTest" time="0.001"/>
  <testcase name="variantTitlesExposeTheSameKeysForEveryLocale" classname="com.hermes.trictrac.android.phoenix.SharedMetadataParityTest" time="0.001"/>
  <testcase name="soundPacksShareCueIdsAndDefaultPackExists" classname="com.hermes.trictrac.android.phoenix.SharedMetadataParityTest" time="0.003"/>
  <system-out><![CDATA[]]></system-out>
  <system-err><![CDATA[]]></system-err>
</testsuite>
