<?xml version="1.0" encoding="UTF-8"?>
<testsuite name="com.hermes.trictrac.android.phoenix.PhoenixMessageCodecTest" tests="2" skipped="0" failures="0" errors="0" timestamp="2026-04-29T06:43:40" hostname="pandora.local" time="0.001">
  <properties/>
  <testcase name="roundTripsEnvelopeFrames" classname="com.hermes.trictrac.android.phoenix.PhoenixMessageCodecTest" time="0.0"/>
  <testcase name="preservesNullReferences" classname="com.hermes.trictrac.android.phoenix.PhoenixMessageCodecTest" time="0.0"/>
  <system-out><![CDATA[]]></system-out>
  <system-err><![CDATA[]]></system-err>
</testsuite>
