<?xml version="1.0" encoding="UTF-8"?>
<testsuite name="com.hermes.trictrac.android.phoenix.ServerSnapshotFixtureTest" tests="2" skipped="0" failures="0" errors="0" timestamp="2026-04-29T06:43:40" hostname="pandora.local" time="0.013">
  <properties/>
  <testcase name="trictracPregameFixtureCarriesPendingOptions" classname="com.hermes.trictrac.android.phoenix.ServerSnapshotFixtureTest" time="0.011"/>
  <testcase name="backgammonOpeningFixtureMatchesExpectedContract" classname="com.hermes.trictrac.android.phoenix.ServerSnapshotFixtureTest" time="0.001"/>
  <system-out><![CDATA[]]></system-out>
  <system-err><![CDATA[]]></system-err>
</testsuite>
