<?xml version="1.0" encoding="UTF-8"?>
<testsuite name="com.hermes.trictrac.android.phoenix.PhoenixSocketUrlTest" tests="2" skipped="0" failures="0" errors="0" timestamp="2026-05-26T23:19:48" hostname="pandora.local" time="0.004">
  <properties/>
  <testcase name="buildsPhoenixWebSocketUrlFromHttpOrigin" classname="com.hermes.trictrac.android.phoenix.PhoenixSocketUrlTest" time="0.003"/>
  <testcase name="preservesSecureScheme" classname="com.hermes.trictrac.android.phoenix.PhoenixSocketUrlTest" time="0.001"/>
  <system-out><![CDATA[]]></system-out>
  <system-err><![CDATA[]]></system-err>
</testsuite>
