<?xml version="1.0" encoding="UTF-8"?>
<testsuite name="com.hermes.trictrac.android.phoenix.PhoenixSocketUrlTest" tests="2" skipped="0" failures="0" errors="0" timestamp="2026-04-29T06:43:40" hostname="pandora.local" time="0.005">
  <properties/>
  <testcase name="buildsPhoenixWebSocketUrlFromHttpOrigin" classname="com.hermes.trictrac.android.phoenix.PhoenixSocketUrlTest" time="0.005"/>
  <testcase name="preservesSecureScheme" classname="com.hermes.trictrac.android.phoenix.PhoenixSocketUrlTest" time="0.0"/>
  <system-out><![CDATA[]]></system-out>
  <system-err><![CDATA[]]></system-err>
</testsuite>
